<?xml version="1.0" encoding="UTF-8"?>
<testng-results skipped="0" failed="1" ignored="0" total="3" passed="2">
  <reporter-output>
  </reporter-output>
  <suite name="Default suite" duration-ms="31536" started-at="2019-04-23T09:52:47Z" finished-at="2019-04-23T09:53:18Z">
    <groups>
    </groups>
    <test name="Default test" duration-ms="31536" started-at="2019-04-23T09:52:47Z" finished-at="2019-04-23T09:53:18Z">
      <class name="com.xmkg.web.TestLoginPage">
        <test-method status="PASS" signature="open()[pri:0, instance:com.xmkg.web.TestLoginPage@158d2680]" name="open" is-config="true" duration-ms="3096" started-at="2019-04-23T09:52:47Z" finished-at="2019-04-23T09:52:50Z">
          <reporter-output>
          </reporter-output>
        </test-method> <!-- open -->
        <test-method status="PASS" signature="test(java.lang.String, java.lang.String)[pri:0, instance:com.xmkg.web.TestLoginPage@158d2680]" name="test" duration-ms="6996" started-at="2019-04-23T09:52:50Z" data-provider="testData" finished-at="2019-04-23T09:52:57Z">
          <params>
            <param index="0">
              <value>
                <![CDATA[admin]]>
              </value>
            </param>
            <param index="1">
              <value>
                <![CDATA[123456]]>
              </value>
            </param>
          </params>
          <reporter-output>
          </reporter-output>
        </test-method> <!-- test -->
        <test-method status="PASS" signature="close()[pri:0, instance:com.xmkg.web.TestLoginPage@158d2680]" name="close" is-config="true" duration-ms="763" started-at="2019-04-23T09:52:57Z" finished-at="2019-04-23T09:52:57Z">
          <reporter-output>
          </reporter-output>
        </test-method> <!-- close -->
        <test-method status="PASS" signature="open()[pri:0, instance:com.xmkg.web.TestLoginPage@158d2680]" name="open" is-config="true" duration-ms="2505" started-at="2019-04-23T09:52:57Z" finished-at="2019-04-23T09:53:00Z">
          <reporter-output>
          </reporter-output>
        </test-method> <!-- open -->
        <test-method status="PASS" signature="test(java.lang.String, java.lang.String)[pri:0, instance:com.xmkg.web.TestLoginPage@158d2680]" name="test" duration-ms="6976" started-at="2019-04-23T09:53:00Z" data-provider="testData" finished-at="2019-04-23T09:53:07Z">
          <params>
            <param index="0">
              <value>
                <![CDATA[admin]]>
              </value>
            </param>
            <param index="1">
              <value>
                <![CDATA[123]]>
              </value>
            </param>
          </params>
          <reporter-output>
          </reporter-output>
        </test-method> <!-- test -->
        <test-method status="PASS" signature="close()[pri:0, instance:com.xmkg.web.TestLoginPage@158d2680]" name="close" is-config="true" duration-ms="772" started-at="2019-04-23T09:53:07Z" finished-at="2019-04-23T09:53:08Z">
          <reporter-output>
          </reporter-output>
        </test-method> <!-- close -->
        <test-method status="PASS" signature="open()[pri:0, instance:com.xmkg.web.TestLoginPage@158d2680]" name="open" is-config="true" duration-ms="2526" started-at="2019-04-23T09:53:08Z" finished-at="2019-04-23T09:53:10Z">
          <reporter-output>
          </reporter-output>
        </test-method> <!-- open -->
        <test-method status="FAIL" signature="test(java.lang.String, java.lang.String)[pri:0, instance:com.xmkg.web.TestLoginPage@158d2680]" name="test" duration-ms="7140" started-at="2019-04-23T09:53:10Z" data-provider="testData" finished-at="2019-04-23T09:53:17Z">
          <params>
            <param index="0">
              <value>
                <![CDATA[cym]]>
              </value>
            </param>
            <param index="1">
              <value>
                <![CDATA[123]]>
              </value>
            </param>
          </params>
          <exception class="java.lang.AssertionError">
            <message>
              <![CDATA[expected [pass] but found [fail]]]>
            </message>
            <full-stacktrace>
              <![CDATA[java.lang.AssertionError: expected [pass] but found [fail]
at org.testng.Assert.fail(Assert.java:96)
at org.testng.Assert.failNotEquals(Assert.java:776)
at org.testng.Assert.assertEqualsImpl(Assert.java:137)
at org.testng.Assert.assertEquals(Assert.java:118)
at org.testng.Assert.assertEquals(Assert.java:453)
at org.testng.Assert.assertEquals(Assert.java:463)
at com.xmkg.web.TestLoginPage.test(TestLoginPage.java:39)
at sun.reflect.NativeMethodAccessorImpl.invoke0(Native Method)
at sun.reflect.NativeMethodAccessorImpl.invoke(NativeMethodAccessorImpl.java:62)
at sun.reflect.DelegatingMethodAccessorImpl.invoke(DelegatingMethodAccessorImpl.java:43)
at java.lang.reflect.Method.invoke(Method.java:498)
at org.testng.internal.MethodInvocationHelper.invokeMethod(MethodInvocationHelper.java:124)
at org.testng.internal.Invoker.invokeMethod(Invoker.java:583)
at org.testng.internal.Invoker.invokeTestMethod(Invoker.java:719)
at org.testng.internal.Invoker.invokeTestMethods(Invoker.java:989)
at org.testng.internal.TestMethodWorker.invokeTestMethods(TestMethodWorker.java:125)
at org.testng.internal.TestMethodWorker.run(TestMethodWorker.java:109)
at org.testng.TestRunner.privateRun(TestRunner.java:648)
at org.testng.TestRunner.run(TestRunner.java:505)
at org.testng.SuiteRunner.runTest(SuiteRunner.java:455)
at org.testng.SuiteRunner.runSequentially(SuiteRunner.java:450)
at org.testng.SuiteRunner.privateRun(SuiteRunner.java:415)
at org.testng.SuiteRunner.run(SuiteRunner.java:364)
at org.testng.SuiteRunnerWorker.runSuite(SuiteRunnerWorker.java:52)
at org.testng.SuiteRunnerWorker.run(SuiteRunnerWorker.java:84)
at org.testng.TestNG.runSuitesSequentially(TestNG.java:1208)
at org.testng.TestNG.runSuitesLocally(TestNG.java:1137)
at org.testng.TestNG.runSuites(TestNG.java:1049)
at org.testng.TestNG.run(TestNG.java:1017)
at org.testng.remote.AbstractRemoteTestNG.run(AbstractRemoteTestNG.java:115)
at org.testng.remote.RemoteTestNG.initAndRun(RemoteTestNG.java:251)
at org.testng.remote.RemoteTestNG.main(RemoteTestNG.java:77)
]]>
            </full-stacktrace>
          </exception> <!-- java.lang.AssertionError -->
          <reporter-output>
          </reporter-output>
        </test-method> <!-- test -->
        <test-method status="PASS" signature="close()[pri:0, instance:com.xmkg.web.TestLoginPage@158d2680]" name="close" is-config="true" duration-ms="730" started-at="2019-04-23T09:53:17Z" finished-at="2019-04-23T09:53:18Z">
          <reporter-output>
          </reporter-output>
        </test-method> <!-- close -->
      </class> <!-- com.xmkg.web.TestLoginPage -->
    </test> <!-- Default test -->
  </suite> <!-- Default suite -->
</testng-results>
